<?xml version="1.0" encoding="UTF-8"?>
<testsuite xmlns:xsi="http://www.w3.org/2001/XMLSchema-instance" xsi:noNamespaceSchemaLocation="https://maven.apache.org/surefire/maven-surefire-plugin/xsd/surefire-test-report.xsd" name="com.barzola.morse.translator.TranslatorApplicationTests" time="7.225" tests="1" errors="0" skipped="0" failures="0">
  <properties>
    <property name="sun.desktop" value="windows"/>
    <property name="awt.toolkit" value="sun.awt.windows.WToolkit"/>
    <property name="file.encoding.pkg" value="sun.io"/>
    <property name="java.specification.version" value="1.8"/>
    <property name="sun.cpu.isalist" value="amd64"/>
    <property name="sun.jnu.encoding" value="Cp1252"/>
    <property name="java.class.path" value="D:\MELI\translator\target\test-classes;D:\MELI\translator\target\classes;C:\Users\gabriel.barzola\.m2\repository\org\springframework\boot\spring-boot-starter-actuator\2.0.0.BUILD-SNAPSHOT\spring-boot-starter-actuator-2.0.0.BUILD-SNAPSHOT.jar;C:\Users\gabriel.barzola\.m2\repository\org\springframework\boot\spring-boot-starter\2.0.0.BUILD-SNAPSHOT\spring-boot-starter-2.0.0.BUILD-SNAPSHOT.jar;C:\Users\gabriel.barzola\.m2\repository\org\springframework\boot\spring-boot-starter-logging\2.0.0.BUILD-SNAPSHOT\spring-boot-starter-logging-2.0.0.BUILD-SNAPSHOT.jar;C:\Users\gabriel.barzola\.m2\repository\ch\qos\logback\logback-classic\1.2.3\logback-classic-1.2.3.jar;C:\Users\gabriel.barzola\.m2\repository\ch\qos\logback\logback-core\1.2.3\logback-core-1.2.3.jar;C:\Users\gabriel.barzola\.m2\repository\org\slf4j\jul-to-slf4j\1.7.25\jul-to-slf4j-1.7.25.jar;C:\Users\gabriel.barzola\.m2\repository\org\slf4j\log4j-over-slf4j\1.7.25\log4j-over-slf4j-1.7.25.jar;C:\Users\gabriel.barzola\.m2\repository\javax\annotation\javax.annotation-api\1.3\javax.annotation-api-1.3.jar;C:\Users\gabriel.barzola\.m2\repository\org\yaml\snakeyaml\1.18\snakeyaml-1.18.jar;C:\Users\gabriel.barzola\.m2\repository\org\springframework\boot\spring-boot-actuator-autoconfigure\2.0.0.BUILD-SNAPSHOT\spring-boot-actuator-autoconfigure-2.0.0.BUILD-SNAPSHOT.jar;C:\Users\gabriel.barzola\.m2\repository\org\springframework\boot\spring-boot-actuator\2.0.0.BUILD-SNAPSHOT\spring-boot-actuator-2.0.0.BUILD-SNAPSHOT.jar;C:\Users\gabriel.barzola\.m2\repository\com\fasterxml\jackson\core\jackson-databind\2.9.1\jackson-databind-2.9.1.jar;C:\Users\gabriel.barzola\.m2\repository\com\fasterxml\jackson\core\jackson-annotations\2.9.0\jackson-annotations-2.9.0.jar;C:\Users\gabriel.barzola\.m2\repository\com\fasterxml\jackson\core\jackson-core\2.9.1\jackson-core-2.9.1.jar;C:\Users\gabriel.barzola\.m2\repository\org\springframework\spring-context\5.0.0.BUILD-SNAPSHOT\spring-context-5.0.0.BUILD-SNAPSHOT.jar;C:\Users\gabriel.barzola\.m2\repository\io\micrometer\micrometer-core\1.0.0-rc.1\micrometer-core-1.0.0-rc.1.jar;C:\Users\gabriel.barzola\.m2\repository\org\springframework\boot\spring-boot-starter-web\2.0.0.BUILD-SNAPSHOT\spring-boot-starter-web-2.0.0.BUILD-SNAPSHOT.jar;C:\Users\gabriel.barzola\.m2\repository\org\springframework\boot\spring-boot-starter-json\2.0.0.BUILD-SNAPSHOT\spring-boot-starter-json-2.0.0.BUILD-SNAPSHOT.jar;C:\Users\gabriel.barzola\.m2\repository\com\fasterxml\jackson\datatype\jackson-datatype-jdk8\2.9.1\jackson-datatype-jdk8-2.9.1.jar;C:\Users\gabriel.barzola\.m2\repository\com\fasterxml\jackson\datatype\jackson-datatype-jsr310\2.9.1\jackson-datatype-jsr310-2.9.1.jar;C:\Users\gabriel.barzola\.m2\repository\com\fasterxml\jackson\module\jackson-module-parameter-names\2.9.1\jackson-module-parameter-names-2.9.1.jar;C:\Users\gabriel.barzola\.m2\repository\com\fasterxml\jackson\module\jackson-module-kotlin\2.9.1\jackson-module-kotlin-2.9.1.jar;C:\Users\gabriel.barzola\.m2\repository\org\springframework\boot\spring-boot-starter-tomcat\2.0.0.BUILD-SNAPSHOT\spring-boot-starter-tomcat-2.0.0.BUILD-SNAPSHOT.jar;C:\Users\gabriel.barzola\.m2\repository\org\apache\tomcat\embed\tomcat-embed-websocket\8.5.20\tomcat-embed-websocket-8.5.20.jar;C:\Users\gabriel.barzola\.m2\repository\org\hibernate\validator\hibernate-validator\6.0.2.Final\hibernate-validator-6.0.2.Final.jar;C:\Users\gabriel.barzola\.m2\repository\javax\validation\validation-api\2.0.0.Final\validation-api-2.0.0.Final.jar;C:\Users\gabriel.barzola\.m2\repository\org\jboss\logging\jboss-logging\3.3.1.Final\jboss-logging-3.3.1.Final.jar;C:\Users\gabriel.barzola\.m2\repository\com\fasterxml\classmate\1.3.4\classmate-1.3.4.jar;C:\Users\gabriel.barzola\.m2\repository\org\springframework\spring-web\5.0.0.BUILD-SNAPSHOT\spring-web-5.0.0.BUILD-SNAPSHOT.jar;C:\Users\gabriel.barzola\.m2\repository\org\springframework\spring-beans\5.0.0.BUILD-SNAPSHOT\spring-beans-5.0.0.BUILD-SNAPSHOT.jar;C:\Users\gabriel.barzola\.m2\repository\org\springframework\spring-webmvc\5.0.0.BUILD-SNAPSHOT\spring-webmvc-5.0.0.BUILD-SNAPSHOT.jar;C:\Users\gabriel.barzola\.m2\repository\org\springframework\spring-aop\5.0.0.BUILD-SNAPSHOT\spring-aop-5.0.0.BUILD-SNAPSHOT.jar;C:\Users\gabriel.barzola\.m2\repository\org\springframework\spring-expression\5.0.0.BUILD-SNAPSHOT\spring-expression-5.0.0.BUILD-SNAPSHOT.jar;C:\Users\gabriel.barzola\.m2\repository\org\springframework\boot\spring-boot-devtools\2.0.0.BUILD-SNAPSHOT\spring-boot-devtools-2.0.0.BUILD-SNAPSHOT.jar;C:\Users\gabriel.barzola\.m2\repository\org\springframework\boot\spring-boot\2.0.0.BUILD-SNAPSHOT\spring-boot-2.0.0.BUILD-SNAPSHOT.jar;C:\Users\gabriel.barzola\.m2\repository\org\springframework\boot\spring-boot-autoconfigure\2.0.0.BUILD-SNAPSHOT\spring-boot-autoconfigure-2.0.0.BUILD-SNAPSHOT.jar;C:\Users\gabriel.barzola\.m2\repository\org\springframework\boot\spring-boot-starter-test\2.0.0.BUILD-SNAPSHOT\spring-boot-starter-test-2.0.0.BUILD-SNAPSHOT.jar;C:\Users\gabriel.barzola\.m2\repository\org\springframework\boot\spring-boot-test\2.0.0.BUILD-SNAPSHOT\spring-boot-test-2.0.0.BUILD-SNAPSHOT.jar;C:\Users\gabriel.barzola\.m2\repository\org\springframework\boot\spring-boot-test-autoconfigure\2.0.0.BUILD-SNAPSHOT\spring-boot-test-autoconfigure-2.0.0.BUILD-SNAPSHOT.jar;C:\Users\gabriel.barzola\.m2\repository\com\jayway\jsonpath\json-path\2.4.0\json-path-2.4.0.jar;C:\Users\gabriel.barzola\.m2\repository\net\minidev\json-smart\2.3\json-smart-2.3.jar;C:\Users\gabriel.barzola\.m2\repository\net\minidev\accessors-smart\1.2\accessors-smart-1.2.jar;C:\Users\gabriel.barzola\.m2\repository\org\ow2\asm\asm\5.0.4\asm-5.0.4.jar;C:\Users\gabriel.barzola\.m2\repository\org\slf4j\slf4j-api\1.7.25\slf4j-api-1.7.25.jar;C:\Users\gabriel.barzola\.m2\repository\junit\junit\4.12\junit-4.12.jar;C:\Users\gabriel.barzola\.m2\repository\org\assertj\assertj-core\3.8.0\assertj-core-3.8.0.jar;C:\Users\gabriel.barzola\.m2\repository\org\mockito\mockito-core\2.10.0\mockito-core-2.10.0.jar;C:\Users\gabriel.barzola\.m2\repository\net\bytebuddy\byte-buddy\1.7.5\byte-buddy-1.7.5.jar;C:\Users\gabriel.barzola\.m2\repository\net\bytebuddy\byte-buddy-agent\1.7.5\byte-buddy-agent-1.7.5.jar;C:\Users\gabriel.barzola\.m2\repository\org\objenesis\objenesis\2.6\objenesis-2.6.jar;C:\Users\gabriel.barzola\.m2\repository\org\hamcrest\hamcrest-core\1.3\hamcrest-core-1.3.jar;C:\Users\gabriel.barzola\.m2\repository\org\hamcrest\hamcrest-library\1.3\hamcrest-library-1.3.jar;C:\Users\gabriel.barzola\.m2\repository\org\skyscreamer\jsonassert\1.5.0\jsonassert-1.5.0.jar;C:\Users\gabriel.barzola\.m2\repository\com\vaadin\external\google\android-json\0.0.20131108.vaadin1\android-json-0.0.20131108.vaadin1.jar;C:\Users\gabriel.barzola\.m2\repository\org\springframework\spring-core\5.0.0.BUILD-SNAPSHOT\spring-core-5.0.0.BUILD-SNAPSHOT.jar;C:\Users\gabriel.barzola\.m2\repository\org\springframework\spring-jcl\5.0.0.BUILD-SNAPSHOT\spring-jcl-5.0.0.BUILD-SNAPSHOT.jar;C:\Users\gabriel.barzola\.m2\repository\org\springframework\spring-test\5.0.0.BUILD-SNAPSHOT\spring-test-5.0.0.BUILD-SNAPSHOT.jar;C:\Users\gabriel.barzola\.m2\repository\org\xmlunit\xmlunit-core\2.5.0\xmlunit-core-2.5.0.jar;C:\Users\gabriel.barzola\.m2\repository\org\apache\tomcat\embed\tomcat-embed-jasper\8.5.20\tomcat-embed-jasper-8.5.20.jar;C:\Users\gabriel.barzola\.m2\repository\org\apache\tomcat\embed\tomcat-embed-core\8.5.20\tomcat-embed-core-8.5.20.jar;C:\Users\gabriel.barzola\.m2\repository\org\apache\tomcat\embed\tomcat-embed-el\8.5.20\tomcat-embed-el-8.5.20.jar;C:\Users\gabriel.barzola\.m2\repository\org\eclipse\jdt\ecj\3.12.3\ecj-3.12.3.jar;"/>
    <property name="java.vm.vendor" value="Oracle Corporation"/>
    <property name="sun.arch.data.model" value="64"/>
    <property name="user.variant" value=""/>
    <property name="java.vendor.url" value="http://java.oracle.com/"/>
    <property name="user.timezone" value=""/>
    <property name="java.vm.specification.version" value="1.8"/>
    <property name="os.name" value="Windows 10"/>
    <property name="user.country" value="AR"/>
    <property name="sun.java.launcher" value="SUN_STANDARD"/>
    <property name="sun.boot.library.path" value="C:\Program Files\Java\jdk1.8.0_112\jre\bin"/>
    <property name="sun.java.command" value="C:\Users\GABRIE~1.BAR\AppData\Local\Temp\surefire6167200723284610277\surefirebooter8844409244588055521.jar C:\Users\gabriel.barzola\AppData\Local\Temp\surefire6167200723284610277 2017-09-23T07-28-53_570-jvmRun1 surefire3357074224645478980tmp surefire_06816267452970389351tmp"/>
    <property name="surefire.test.class.path" value="D:\MELI\translator\target\test-classes;D:\MELI\translator\target\classes;C:\Users\gabriel.barzola\.m2\repository\org\springframework\boot\spring-boot-starter-actuator\2.0.0.BUILD-SNAPSHOT\spring-boot-starter-actuator-2.0.0.BUILD-SNAPSHOT.jar;C:\Users\gabriel.barzola\.m2\repository\org\springframework\boot\spring-boot-starter\2.0.0.BUILD-SNAPSHOT\spring-boot-starter-2.0.0.BUILD-SNAPSHOT.jar;C:\Users\gabriel.barzola\.m2\repository\org\springframework\boot\spring-boot-starter-logging\2.0.0.BUILD-SNAPSHOT\spring-boot-starter-logging-2.0.0.BUILD-SNAPSHOT.jar;C:\Users\gabriel.barzola\.m2\repository\ch\qos\logback\logback-classic\1.2.3\logback-classic-1.2.3.jar;C:\Users\gabriel.barzola\.m2\repository\ch\qos\logback\logback-core\1.2.3\logback-core-1.2.3.jar;C:\Users\gabriel.barzola\.m2\repository\org\slf4j\jul-to-slf4j\1.7.25\jul-to-slf4j-1.7.25.jar;C:\Users\gabriel.barzola\.m2\repository\org\slf4j\log4j-over-slf4j\1.7.25\log4j-over-slf4j-1.7.25.jar;C:\Users\gabriel.barzola\.m2\repository\javax\annotation\javax.annotation-api\1.3\javax.annotation-api-1.3.jar;C:\Users\gabriel.barzola\.m2\repository\org\yaml\snakeyaml\1.18\snakeyaml-1.18.jar;C:\Users\gabriel.barzola\.m2\repository\org\springframework\boot\spring-boot-actuator-autoconfigure\2.0.0.BUILD-SNAPSHOT\spring-boot-actuator-autoconfigure-2.0.0.BUILD-SNAPSHOT.jar;C:\Users\gabriel.barzola\.m2\repository\org\springframework\boot\spring-boot-actuator\2.0.0.BUILD-SNAPSHOT\spring-boot-actuator-2.0.0.BUILD-SNAPSHOT.jar;C:\Users\gabriel.barzola\.m2\repository\com\fasterxml\jackson\core\jackson-databind\2.9.1\jackson-databind-2.9.1.jar;C:\Users\gabriel.barzola\.m2\repository\com\fasterxml\jackson\core\jackson-annotations\2.9.0\jackson-annotations-2.9.0.jar;C:\Users\gabriel.barzola\.m2\repository\com\fasterxml\jackson\core\jackson-core\2.9.1\jackson-core-2.9.1.jar;C:\Users\gabriel.barzola\.m2\repository\org\springframework\spring-context\5.0.0.BUILD-SNAPSHOT\spring-context-5.0.0.BUILD-SNAPSHOT.jar;C:\Users\gabriel.barzola\.m2\repository\io\micrometer\micrometer-core\1.0.0-rc.1\micrometer-core-1.0.0-rc.1.jar;C:\Users\gabriel.barzola\.m2\repository\org\springframework\boot\spring-boot-starter-web\2.0.0.BUILD-SNAPSHOT\spring-boot-starter-web-2.0.0.BUILD-SNAPSHOT.jar;C:\Users\gabriel.barzola\.m2\repository\org\springframework\boot\spring-boot-starter-json\2.0.0.BUILD-SNAPSHOT\spring-boot-starter-json-2.0.0.BUILD-SNAPSHOT.jar;C:\Users\gabriel.barzola\.m2\repository\com\fasterxml\jackson\datatype\jackson-datatype-jdk8\2.9.1\jackson-datatype-jdk8-2.9.1.jar;C:\Users\gabriel.barzola\.m2\repository\com\fasterxml\jackson\datatype\jackson-datatype-jsr310\2.9.1\jackson-datatype-jsr310-2.9.1.jar;C:\Users\gabriel.barzola\.m2\repository\com\fasterxml\jackson\module\jackson-module-parameter-names\2.9.1\jackson-module-parameter-names-2.9.1.jar;C:\Users\gabriel.barzola\.m2\repository\com\fasterxml\jackson\module\jackson-module-kotlin\2.9.1\jackson-module-kotlin-2.9.1.jar;C:\Users\gabriel.barzola\.m2\repository\org\springframework\boot\spring-boot-starter-tomcat\2.0.0.BUILD-SNAPSHOT\spring-boot-starter-tomcat-2.0.0.BUILD-SNAPSHOT.jar;C:\Users\gabriel.barzola\.m2\repository\org\apache\tomcat\embed\tomcat-embed-websocket\8.5.20\tomcat-embed-websocket-8.5.20.jar;C:\Users\gabriel.barzola\.m2\repository\org\hibernate\validator\hibernate-validator\6.0.2.Final\hibernate-validator-6.0.2.Final.jar;C:\Users\gabriel.barzola\.m2\repository\javax\validation\validation-api\2.0.0.Final\validation-api-2.0.0.Final.jar;C:\Users\gabriel.barzola\.m2\repository\org\jboss\logging\jboss-logging\3.3.1.Final\jboss-logging-3.3.1.Final.jar;C:\Users\gabriel.barzola\.m2\repository\com\fasterxml\classmate\1.3.4\classmate-1.3.4.jar;C:\Users\gabriel.barzola\.m2\repository\org\springframework\spring-web\5.0.0.BUILD-SNAPSHOT\spring-web-5.0.0.BUILD-SNAPSHOT.jar;C:\Users\gabriel.barzola\.m2\repository\org\springframework\spring-beans\5.0.0.BUILD-SNAPSHOT\spring-beans-5.0.0.BUILD-SNAPSHOT.jar;C:\Users\gabriel.barzola\.m2\repository\org\springframework\spring-webmvc\5.0.0.BUILD-SNAPSHOT\spring-webmvc-5.0.0.BUILD-SNAPSHOT.jar;C:\Users\gabriel.barzola\.m2\repository\org\springframework\spring-aop\5.0.0.BUILD-SNAPSHOT\spring-aop-5.0.0.BUILD-SNAPSHOT.jar;C:\Users\gabriel.barzola\.m2\repository\org\springframework\spring-expression\5.0.0.BUILD-SNAPSHOT\spring-expression-5.0.0.BUILD-SNAPSHOT.jar;C:\Users\gabriel.barzola\.m2\repository\org\springframework\boot\spring-boot-devtools\2.0.0.BUILD-SNAPSHOT\spring-boot-devtools-2.0.0.BUILD-SNAPSHOT.jar;C:\Users\gabriel.barzola\.m2\repository\org\springframework\boot\spring-boot\2.0.0.BUILD-SNAPSHOT\spring-boot-2.0.0.BUILD-SNAPSHOT.jar;C:\Users\gabriel.barzola\.m2\repository\org\springframework\boot\spring-boot-autoconfigure\2.0.0.BUILD-SNAPSHOT\spring-boot-autoconfigure-2.0.0.BUILD-SNAPSHOT.jar;C:\Users\gabriel.barzola\.m2\repository\org\springframework\boot\spring-boot-starter-test\2.0.0.BUILD-SNAPSHOT\spring-boot-starter-test-2.0.0.BUILD-SNAPSHOT.jar;C:\Users\gabriel.barzola\.m2\repository\org\springframework\boot\spring-boot-test\2.0.0.BUILD-SNAPSHOT\spring-boot-test-2.0.0.BUILD-SNAPSHOT.jar;C:\Users\gabriel.barzola\.m2\repository\org\springframework\boot\spring-boot-test-autoconfigure\2.0.0.BUILD-SNAPSHOT\spring-boot-test-autoconfigure-2.0.0.BUILD-SNAPSHOT.jar;C:\Users\gabriel.barzola\.m2\repository\com\jayway\jsonpath\json-path\2.4.0\json-path-2.4.0.jar;C:\Users\gabriel.barzola\.m2\repository\net\minidev\json-smart\2.3\json-smart-2.3.jar;C:\Users\gabriel.barzola\.m2\repository\net\minidev\accessors-smart\1.2\accessors-smart-1.2.jar;C:\Users\gabriel.barzola\.m2\repository\org\ow2\asm\asm\5.0.4\asm-5.0.4.jar;C:\Users\gabriel.barzola\.m2\repository\org\slf4j\slf4j-api\1.7.25\slf4j-api-1.7.25.jar;C:\Users\gabriel.barzola\.m2\repository\junit\junit\4.12\junit-4.12.jar;C:\Users\gabriel.barzola\.m2\repository\org\assertj\assertj-core\3.8.0\assertj-core-3.8.0.jar;C:\Users\gabriel.barzola\.m2\repository\org\mockito\mockito-core\2.10.0\mockito-core-2.10.0.jar;C:\Users\gabriel.barzola\.m2\repository\net\bytebuddy\byte-buddy\1.7.5\byte-buddy-1.7.5.jar;C:\Users\gabriel.barzola\.m2\repository\net\bytebuddy\byte-buddy-agent\1.7.5\byte-buddy-agent-1.7.5.jar;C:\Users\gabriel.barzola\.m2\repository\org\objenesis\objenesis\2.6\objenesis-2.6.jar;C:\Users\gabriel.barzola\.m2\repository\org\hamcrest\hamcrest-core\1.3\hamcrest-core-1.3.jar;C:\Users\gabriel.barzola\.m2\repository\org\hamcrest\hamcrest-library\1.3\hamcrest-library-1.3.jar;C:\Users\gabriel.barzola\.m2\repository\org\skyscreamer\jsonassert\1.5.0\jsonassert-1.5.0.jar;C:\Users\gabriel.barzola\.m2\repository\com\vaadin\external\google\android-json\0.0.20131108.vaadin1\android-json-0.0.20131108.vaadin1.jar;C:\Users\gabriel.barzola\.m2\repository\org\springframework\spring-core\5.0.0.BUILD-SNAPSHOT\spring-core-5.0.0.BUILD-SNAPSHOT.jar;C:\Users\gabriel.barzola\.m2\repository\org\springframework\spring-jcl\5.0.0.BUILD-SNAPSHOT\spring-jcl-5.0.0.BUILD-SNAPSHOT.jar;C:\Users\gabriel.barzola\.m2\repository\org\springframework\spring-test\5.0.0.BUILD-SNAPSHOT\spring-test-5.0.0.BUILD-SNAPSHOT.jar;C:\Users\gabriel.barzola\.m2\repository\org\xmlunit\xmlunit-core\2.5.0\xmlunit-core-2.5.0.jar;C:\Users\gabriel.barzola\.m2\repository\org\apache\tomcat\embed\tomcat-embed-jasper\8.5.20\tomcat-embed-jasper-8.5.20.jar;C:\Users\gabriel.barzola\.m2\repository\org\apache\tomcat\embed\tomcat-embed-core\8.5.20\tomcat-embed-core-8.5.20.jar;C:\Users\gabriel.barzola\.m2\repository\org\apache\tomcat\embed\tomcat-embed-el\8.5.20\tomcat-embed-el-8.5.20.jar;C:\Users\gabriel.barzola\.m2\repository\org\eclipse\jdt\ecj\3.12.3\ecj-3.12.3.jar;"/>
    <property name="sun.cpu.endian" value="little"/>
    <property name="user.home" value="C:\Users\gabriel.barzola"/>
    <property name="user.language" value="es"/>
    <property name="java.specification.vendor" value="Oracle Corporation"/>
    <property name="java.home" value="C:\Program Files\Java\jdk1.8.0_112\jre"/>
    <property name="basedir" value="D:\MELI\translator"/>
    <property name="file.separator" value="\"/>
    <property name="line.separator" value="&#10;"/>
    <property name="java.vm.specification.vendor" value="Oracle Corporation"/>
    <property name="java.specification.name" value="Java Platform API Specification"/>
    <property name="java.awt.graphicsenv" value="sun.awt.Win32GraphicsEnvironment"/>
    <property name="surefire.real.class.path" value="C:\Users\GABRIE~1.BAR\AppData\Local\Temp\surefire6167200723284610277\surefirebooter8844409244588055521.jar"/>
    <property name="sun.boot.class.path" value="C:\Program Files\Java\jdk1.8.0_112\jre\lib\resources.jar;C:\Program Files\Java\jdk1.8.0_112\jre\lib\rt.jar;C:\Program Files\Java\jdk1.8.0_112\jre\lib\sunrsasign.jar;C:\Program Files\Java\jdk1.8.0_112\jre\lib\jsse.jar;C:\Program Files\Java\jdk1.8.0_112\jre\lib\jce.jar;C:\Program Files\Java\jdk1.8.0_112\jre\lib\charsets.jar;C:\Program Files\Java\jdk1.8.0_112\jre\lib\jfr.jar;C:\Program Files\Java\jdk1.8.0_112\jre\classes"/>
    <property name="user.script" value=""/>
    <property name="sun.management.compiler" value="HotSpot 64-Bit Tiered Compilers"/>
    <property name="java.runtime.version" value="1.8.0_112-b15"/>
    <property name="user.name" value="gabriel.barzola"/>
    <property name="path.separator" value=";"/>
    <property name="os.version" value="10.0"/>
    <property name="java.endorsed.dirs" value="C:\Program Files\Java\jdk1.8.0_112\jre\lib\endorsed"/>
    <property name="java.runtime.name" value="Java(TM) SE Runtime Environment"/>
    <property name="file.encoding" value="UTF-8"/>
    <property name="java.vm.name" value="Java HotSpot(TM) 64-Bit Server VM"/>
    <property name="localRepository" value="C:\Users\gabriel.barzola\.m2\repository"/>
    <property name="java.vendor.url.bug" value="http://bugreport.sun.com/bugreport/"/>
    <property name="java.io.tmpdir" value="C:\Users\GABRIE~1.BAR\AppData\Local\Temp\"/>
    <property name="java.version" value="1.8.0_112"/>
    <property name="user.dir" value="D:\MELI\translator"/>
    <property name="os.arch" value="amd64"/>
    <property name="java.vm.specification.name" value="Java Virtual Machine Specification"/>
    <property name="java.awt.printerjob" value="sun.awt.windows.WPrinterJob"/>
    <property name="sun.os.patch.level" value=""/>
    <property name="java.library.path" value="C:\Program Files\Java\jdk1.8.0_112\jre\bin;C:\Windows\Sun\Java\bin;C:\Windows\system32;C:\Windows;C:\ProgramData\Oracle\Java\javapath;C:\Windows\system32;C:\Windows;C:\Windows\System32\Wbem;C:\Windows\System32\WindowsPowerShell\v1.0\;C:\Program Files\Microsoft SQL Server\120\Tools\Binn\;C:\Program Files\Microsoft SQL Server\Client SDK\ODBC\110\Tools\Binn\;C:\Program Files (x86)\Microsoft SQL Server\120\Tools\Binn\;C:\Program Files\Microsoft SQL Server\120\DTS\Binn\;C:\Program Files (x86)\Microsoft SQL Server\120\Tools\Binn\ManagementStudio\;C:\Program Files (x86)\Microsoft SQL Server\120\DTS\Binn\;D:\apache-maven-3.3.9\bin;C:\Program Files (x86)\Skype\Phone\;C:\Program Files\Java\jdk1.8.0_112\bin;D:\nodejs\;C:\Program Files (x86)\Git\cmd;C:\Program Files\TortoiseSVN\bin;C:\Users\gabriel.barzola\AppData\Roaming\npm;C:\Program Files (x86)\Microsoft VS Code\bin;C:\Users\gabriel.barzola\AppData\Local\GitHubDesktop\bin;."/>
    <property name="java.vm.info" value="mixed mode"/>
    <property name="java.vendor" value="Oracle Corporation"/>
    <property name="java.vm.version" value="25.112-b15"/>
    <property name="java.ext.dirs" value="C:\Program Files\Java\jdk1.8.0_112\jre\lib\ext;C:\Windows\Sun\Java\lib\ext"/>
    <property name="sun.io.unicode.encoding" value="UnicodeLittle"/>
    <property name="java.class.version" value="52.0"/>
  </properties>
  <testcase name="contextLoads" classname="com.barzola.morse.translator.TranslatorApplicationTests" time="0.193"/>
</testsuite>